<?xml version="1.0" encoding="UTF-8"?>
<!-- Generated by org.testng.reporters.JUnitReportReporter -->
<testsuite hostname="DESKTOP-6F1I9VR" failures="0" tests="1" name="TestCases.Test_case1" time="11.780" errors="0" timestamp="2023-06-12T12:23:29 IST" skipped="0">
  <testcase classname="TestCases.Test_case1" name="test_account" time="11.780"/>
  <system-out/>
</testsuite> <!-- TestCases.Test_case1 -->
