<?xml version="1.0" encoding="UTF-8"?>
<!-- Generated by org.testng.reporters.JUnitReportReporter -->
<testsuite hostname="DESKTOP-6F1I9VR" failures="0" tests="1" name="TestCases.Test_case2" time="32.786" errors="0" timestamp="2023-06-07T15:24:10 IST" skipped="0">
  <testcase classname="TestCases.Test_case2" name="staff_account" time="32.786"/>
  <system-out/>
</testsuite> <!-- TestCases.Test_case2 -->
